  Admin.cpp
  Availability.cpp
  Booking.cpp
  BookingValidator.cpp
  Car.cpp
  CarRecommendation.cpp
  CustomerInfo.cpp
  Feedback.cpp
  Filter.cpp
  LoyaltyProgram.cpp
  Payment.cpp
  PenaltyManager.cpp
  RentalUI.cpp
D:\Users\Omar\source\repos\Speedy Rent 2\Speedy Rent 2\RentalUI.cpp(206,13): warning C4566: character represented by universal-character-name '\u2705' cannot be represented in the current code page (1252)
D:\Users\Omar\source\repos\Speedy Rent 2\Speedy Rent 2\RentalUI.cpp(207,13): warning C4566: character represented by universal-character-name '\u2705' cannot be represented in the current code page (1252)
D:\Users\Omar\source\repos\Speedy Rent 2\Speedy Rent 2\RentalUI.cpp(208,13): warning C4566: character represented by universal-character-name '\u2705' cannot be represented in the current code page (1252)
  SearchCar.cpp
  Speedy Rent 2.cpp
  Supporter.cpp
  Generating Code...
  Speedy Rent 2.vcxproj -> D:\Users\Omar\source\repos\Speedy Rent 2\x64\Debug\Speedy Rent 2.exe
